{
"/home/travis/build/zordius/gulp-jsx-coverage/test/Component.cjsx":{"path":"/home/travis/build/zordius/gulp-jsx-coverage/test/Component.cjsx","s":{"1":1,"2":1,"3":1,"4":1,"5":0,"6":1,"7":1},"b":{},"f":{"1":1,"2":0,"3":1},"fnMap":{"1":{"name":"(anonymous_1)","line":1,"loc":{"start":{"line":1,"column":1},"end":{"line":1,"column":12}}},"2":{"name":"(anonymous_2)","line":7,"loc":{"start":{"line":7,"column":13},"end":{"line":7,"column":24}}},"3":{"name":"(anonymous_3)","line":10,"loc":{"start":{"line":10,"column":12},"end":{"line":10,"column":23}}}},"statementMap":{"1":{"start":{"line":1,"column":0},"end":{"line":17,"column":14}},"2":{"start":{"line":2,"column":2},"end":{"line":2,"column":18}},"3":{"start":{"line":4,"column":2},"end":{"line":4,"column":27}},"4":{"start":{"line":6,"column":2},"end":{"line":13,"column":5}},"5":{"start":{"line":8,"column":6},"end":{"line":8,"column":19}},"6":{"start":{"line":11,"column":6},"end":{"line":11,"column":61}},"7":{"start":{"line":15,"column":2},"end":{"line":15,"column":24}}},"branchMap":{},"l":{"1":1,"2":1,"4":1,"6":1,"8":0,"11":1,"15":1}},
"/home/travis/build/zordius/gulp-jsx-coverage/test/testlib.js":{"path":"/home/travis/build/zordius/gulp-jsx-coverage/test/testlib.js","s":{"1":1,"2":1,"3":1,"4":1,"5":0,"6":0,"7":1,"8":1,"9":1,"10":1,"11":1,"12":1},"b":{},"f":{"1":0,"2":0,"3":1},"fnMap":{"1":{"name":"renderJSX","line":8,"loc":{"start":{"line":8,"column":15},"end":{"line":8,"column":48}}},"2":{"name":"render","line":11,"loc":{"start":{"line":11,"column":20},"end":{"line":11,"column":38}}},"3":{"name":"renderComponent","line":16,"loc":{"start":{"line":16,"column":21},"end":{"line":16,"column":60}}}},"statementMap":{"1":{"start":{"line":3,"column":0},"end":{"line":3,"column":35}},"2":{"start":{"line":4,"column":0},"end":{"line":4,"column":29}},"3":{"start":{"line":5,"column":0},"end":{"line":5,"column":51}},"4":{"start":{"line":7,"column":0},"end":{"line":23,"column":2}},"5":{"start":{"line":9,"column":8},"end":{"line":14,"column":32}},"6":{"start":{"line":12,"column":16},"end":{"line":12,"column":27}},"7":{"start":{"line":17,"column":8},"end":{"line":17,"column":21}},"8":{"start":{"line":18,"column":8},"end":{"line":18,"column":77}},"9":{"start":{"line":19,"column":8},"end":{"line":19,"column":53}},"10":{"start":{"line":20,"column":8},"end":{"line":20,"column":83}},"11":{"start":{"line":21,"column":8},"end":{"line":21,"column":72}},"12":{"start":{"line":25,"column":0},"end":{"line":25,"column":25}}},"branchMap":{},"l":{"3":1,"4":1,"5":1,"7":1,"9":0,"12":0,"17":1,"18":1,"19":1,"20":1,"21":1,"25":1}}}
