TN:
SF:/home/travis/build/zordius/gulp-jsx-coverage/test/Component.cjsx
FN:1,(anonymous_1)
FN:7,(anonymous_2)
FN:10,(anonymous_3)
FNF:3
FNH:2
FNDA:1,(anonymous_1)
FNDA:0,(anonymous_2)
FNDA:1,(anonymous_3)
DA:1,1
DA:2,1
DA:4,1
DA:6,1
DA:8,0
DA:11,1
DA:15,1
LF:7
LH:6
BRF:0
BRH:0
end_of_record
TN:
SF:/home/travis/build/zordius/gulp-jsx-coverage/test/testlib.js
FN:8,renderJSX
FN:11,render
FN:16,renderComponent
FNF:3
FNH:1
FNDA:0,renderJSX
FNDA:0,render
FNDA:1,renderComponent
DA:3,1
DA:4,1
DA:5,1
DA:7,1
DA:9,0
DA:12,0
DA:17,1
DA:18,1
DA:19,1
DA:20,1
DA:21,1
DA:25,1
LF:12
LH:10
BRF:0
BRH:0
end_of_record
