{
"/home/travis/build/zordius/gulp-jsx-coverage/test/target.js":{"path":"/home/travis/build/zordius/gulp-jsx-coverage/test/target.js","s":{"1":1,"2":1,"3":3,"4":0,"5":1},"b":{},"f":{"1":3,"2":0,"3":1},"fnMap":{"1":{"name":"multi","line":6,"loc":{"start":{"line":4,"column":11},"end":{"line":4,"column":21}}},"2":{"name":"add","line":9,"loc":{"start":{"line":7,"column":9},"end":{"line":7,"column":19}}},"3":{"name":"string","line":12,"loc":{"start":{"line":10,"column":12},"end":{"line":10,"column":42}}}},"statementMap":{"1":{"start":{"line":1,"column":-15},"end":{"line":1,"column":14}},"2":{"start":{"line":3,"column":0},"end":{"line":21,"column":1}},"3":{"start":{"line":0,"column":0},"end":{"line":0,"column":0},"skip":true},"4":{"start":{"line":0,"column":0},"end":{"line":0,"column":0},"skip":true},"5":{"start":{"line":0,"column":0},"end":{"line":0,"column":0},"skip":true}},"branchMap":{},"l":{"0":3,"1":1,"3":1}}}
